<?xml version="1.0" encoding="UTF-8"?>
<testng-results ignored="0" total="2" passed="2" failed="0" skipped="0">
  <reporter-output>
  </reporter-output>
  <suite started-at="2026-01-27T09:42:32 IST" name="Suite1414" finished-at="2026-01-27T09:43:06 IST" duration-ms="34007">
    <groups>
    </groups>
    <test started-at="2026-01-27T09:42:32 IST" name="Test14" finished-at="2026-01-27T09:43:06 IST" duration-ms="34007">
      <class name="tests.LoginTest">
        <test-method is-config="true" signature="SetUp()[pri:0, instance:tests.LoginTest@66ba7e45]" started-at="2026-01-27T09:42:54 IST" name="SetUp" finished-at="2026-01-27T09:43:01 IST" duration-ms="6590" status="PASS">
          <reporter-output>
          </reporter-output>
        </test-method> <!-- SetUp -->
        <test-method signature="verifyValidLogin()[pri:0, instance:tests.LoginTest@66ba7e45]" started-at="2026-01-27T09:43:01 IST" name="verifyValidLogin" finished-at="2026-01-27T09:43:05 IST" duration-ms="4051" status="PASS">
          <reporter-output>
          </reporter-output>
        </test-method> <!-- verifyValidLogin -->
        <test-method is-config="true" signature="teardown()[pri:0, instance:tests.LoginTest@66ba7e45]" started-at="2026-01-27T09:43:05 IST" name="teardown" finished-at="2026-01-27T09:43:06 IST" duration-ms="893" status="PASS">
          <reporter-output>
          </reporter-output>
        </test-method> <!-- teardown -->
      </class> <!-- tests.LoginTest -->
      <class name="tests.E2EOrderTests">
        <test-method is-config="true" signature="SetUp()[pri:0, instance:tests.E2EOrderTests@771db12c]" started-at="2026-01-27T09:42:32 IST" name="SetUp" finished-at="2026-01-27T09:42:46 IST" duration-ms="13840" status="PASS">
          <reporter-output>
          </reporter-output>
        </test-method> <!-- SetUp -->
        <test-method signature="placeOrderForBackpack()[pri:0, instance:tests.E2EOrderTests@771db12c]" started-at="2026-01-27T09:42:47 IST" name="placeOrderForBackpack" finished-at="2026-01-27T09:42:52 IST" duration-ms="5195" status="PASS">
          <reporter-output>
          </reporter-output>
        </test-method> <!-- placeOrderForBackpack -->
        <test-method is-config="true" signature="teardown()[pri:0, instance:tests.E2EOrderTests@771db12c]" started-at="2026-01-27T09:42:52 IST" name="teardown" finished-at="2026-01-27T09:42:54 IST" duration-ms="2644" status="PASS">
          <reporter-output>
          </reporter-output>
        </test-method> <!-- teardown -->
      </class> <!-- tests.E2EOrderTests -->
    </test> <!-- Test14 -->
  </suite> <!-- Suite1414 -->
</testng-results>
